<<<<<<< HEAD
﻿生成启动时间为 2014/12/31 1:45:38。
     1>项目“E:\program\Cpp\数独算法\数独算法\数独算法.vcxproj”在节点 2 上(Build 个目标)。
     1>ClCompile:
         D:\Program Files (x86)\Microsoft Visual Studio 11.0\VC\bin\CL.exe /c /ZI /nologo /W3 /WX- /Od /Oy- /D WIN32 /D _DEBUG /D _CONSOLE /D _UNICODE /D UNICODE /Gm /EHsc /RTC1 /MDd /GS /fp:precise /Zc:wchar_t /Zc:forScope /Fo"Debug\\" /Fd"Debug\vc110.pdb" /Gd /TP /analyze- /errorReport:prompt Sudoku.cpp
         Sudoku.cpp
=======
﻿生成启动时间为 2014/12/31 15:17:11。
     1>项目“E:\program\Cpp\数独算法\数独算法\数独算法.vcxproj”在节点 2 上(Build 个目标)。
     1>ClCompile:
         D:\Program Files (x86)\Microsoft Visual Studio 11.0\VC\bin\CL.exe /c /ZI /nologo /W3 /WX- /Od /Oy- /D WIN32 /D _DEBUG /D _CONSOLE /D _UNICODE /D UNICODE /Gm /EHsc /RTC1 /MDd /GS /fp:precise /Zc:wchar_t /Zc:forScope /Fo"Debug\\" /Fd"Debug\vc110.pdb" /Gd /TP /analyze- /errorReport:prompt main.cpp Sudoku.cpp Unit.cpp
         Unit.cpp
         Sudoku.cpp
         main.cpp
         正在生成代码...
>>>>>>> dev
     1>e:\program\cpp\数独算法\数独算法\sudoku.cpp(143): warning C4715: “CSudoku::StartCount”: 不是所有的控件路径都返回值
       Link:
         D:\Program Files (x86)\Microsoft Visual Studio 11.0\VC\bin\link.exe /ERRORREPORT:PROMPT /OUT:"E:\program\Cpp\数独算法\Debug\数独算法.exe" /INCREMENTAL /NOLOGO kernel32.lib user32.lib gdi32.lib winspool.lib comdlg32.lib advapi32.lib shell32.lib ole32.lib oleaut32.lib uuid.lib odbc32.lib odbccp32.lib /MANIFEST /MANIFESTUAC:"level='asInvoker' uiAccess='false'" /manifest:embed /DEBUG /PDB:"E:\program\Cpp\数独算法\Debug\数独算法.pdb" /SUBSYSTEM:CONSOLE /TLBID:1 /DYNAMICBASE /NXCOMPAT /IMPLIB:"E:\program\Cpp\数独算法\Debug\数独算法.lib" /MACHINE:X86 Debug\main.obj
         Debug\Sudoku.obj
         Debug\Unit.obj
         数独算法.vcxproj -> E:\program\Cpp\数独算法\Debug\数独算法.exe
     1>已完成生成项目“E:\program\Cpp\数独算法\数独算法\数独算法.vcxproj”(Build 个目标)的操作。

生成成功。

<<<<<<< HEAD
已用时间 00:00:00.63
=======
已用时间 00:00:03.28
>>>>>>> dev
